  CSceneRace.cpp
c:\users\fujiitomoya\desktop\ゲームプログラミング実習_2020_2 これは…\git\aaa\3d就活ゲーム制作\gameprogramming\csound.h(67): warning C4996: 'strcpy': This function or variable may be unsafe. Consider using strcpy_s instead. To disable deprecation, use _CRT_SECURE_NO_WARNINGS. See online help for details.
          c:\program files (x86)\microsoft visual studio 12.0\vc\include\string.h(112) : 'strcpy' の宣言を確認してください。
c:\users\fujiitomoya\desktop\ゲームプログラミング実習_2020_2 これは…\git\aaa\3d就活ゲーム制作\gameprogramming\csound.h(102): warning C4101: 'cnt' : ローカル変数は 1 度も使われていません。
c:\users\fujiitomoya\desktop\ゲームプログラミング実習_2020_2 これは…\git\aaa\3d就活ゲーム制作\gameprogramming\csound.h(102): warning C4101: 'dw' : ローカル変数は 1 度も使われていません。
c:\users\fujiitomoya\desktop\ゲームプログラミング実習_2020_2 これは…\git\aaa\3d就活ゲーム制作\gameprogramming\csound.h(101): warning C4101: 'state' : ローカル変数は 1 度も使われていません。
c:\users\fujiitomoya\desktop\ゲームプログラミング実習_2020_2 これは…\git\aaa\3d就活ゲーム制作\gameprogramming\cscenetitle.h(247): warning C4996: 'sprintf': This function or variable may be unsafe. Consider using sprintf_s instead. To disable deprecation, use _CRT_SECURE_NO_WARNINGS. See online help for details.
          c:\program files (x86)\microsoft visual studio 12.0\vc\include\stdio.h(356) : 'sprintf' の宣言を確認してください。
c:\users\fujiitomoya\desktop\ゲームプログラミング実習_2020_2 これは…\git\aaa\3d就活ゲーム制作\gameprogramming\cscenetitle.h(251): warning C4996: 'sprintf': This function or variable may be unsafe. Consider using sprintf_s instead. To disable deprecation, use _CRT_SECURE_NO_WARNINGS. See online help for details.
          c:\program files (x86)\microsoft visual studio 12.0\vc\include\stdio.h(356) : 'sprintf' の宣言を確認してください。
c:\users\fujiitomoya\desktop\ゲームプログラミング実習_2020_2 これは…\git\aaa\3d就活ゲーム制作\gameprogramming\cscenetitle.h(255): warning C4996: 'sprintf': This function or variable may be unsafe. Consider using sprintf_s instead. To disable deprecation, use _CRT_SECURE_NO_WARNINGS. See online help for details.
          c:\program files (x86)\microsoft visual studio 12.0\vc\include\stdio.h(356) : 'sprintf' の宣言を確認してください。
c:\users\fujiitomoya\desktop\ゲームプログラミング実習_2020_2 これは…\git\aaa\3d就活ゲーム制作\gameprogramming\cscenetitle.h(259): warning C4996: 'sprintf': This function or variable may be unsafe. Consider using sprintf_s instead. To disable deprecation, use _CRT_SECURE_NO_WARNINGS. See online help for details.
          c:\program files (x86)\microsoft visual studio 12.0\vc\include\stdio.h(356) : 'sprintf' の宣言を確認してください。
c:\users\fujiitomoya\desktop\ゲームプログラミング実習_2020_2 これは…\git\aaa\3d就活ゲーム制作\gameprogramming\cscenerace.cpp(405): warning C4996: 'sprintf': This function or variable may be unsafe. Consider using sprintf_s instead. To disable deprecation, use _CRT_SECURE_NO_WARNINGS. See online help for details.
          c:\program files (x86)\microsoft visual studio 12.0\vc\include\stdio.h(356) : 'sprintf' の宣言を確認してください。
c:\users\fujiitomoya\desktop\ゲームプログラミング実習_2020_2 これは…\git\aaa\3d就活ゲーム制作\gameprogramming\cscenerace.cpp(410): warning C4996: 'sprintf': This function or variable may be unsafe. Consider using sprintf_s instead. To disable deprecation, use _CRT_SECURE_NO_WARNINGS. See online help for details.
          c:\program files (x86)\microsoft visual studio 12.0\vc\include\stdio.h(356) : 'sprintf' の宣言を確認してください。
c:\users\fujiitomoya\desktop\ゲームプログラミング実習_2020_2 これは…\git\aaa\3d就活ゲーム制作\gameprogramming\cscenerace.cpp(433): warning C4996: 'sprintf': This function or variable may be unsafe. Consider using sprintf_s instead. To disable deprecation, use _CRT_SECURE_NO_WARNINGS. See online help for details.
          c:\program files (x86)\microsoft visual studio 12.0\vc\include\stdio.h(356) : 'sprintf' の宣言を確認してください。
c:\users\fujiitomoya\desktop\ゲームプログラミング実習_2020_2 これは…\git\aaa\3d就活ゲーム制作\gameprogramming\cscenerace.cpp(446): warning C4996: 'sprintf': This function or variable may be unsafe. Consider using sprintf_s instead. To disable deprecation, use _CRT_SECURE_NO_WARNINGS. See online help for details.
          c:\program files (x86)\microsoft visual studio 12.0\vc\include\stdio.h(356) : 'sprintf' の宣言を確認してください。
c:\users\fujiitomoya\desktop\ゲームプログラミング実習_2020_2 これは…\git\aaa\3d就活ゲーム制作\gameprogramming\cscenerace.cpp(471): warning C4996: 'sprintf': This function or variable may be unsafe. Consider using sprintf_s instead. To disable deprecation, use _CRT_SECURE_NO_WARNINGS. See online help for details.
          c:\program files (x86)\microsoft visual studio 12.0\vc\include\stdio.h(356) : 'sprintf' の宣言を確認してください。
c:\users\fujiitomoya\desktop\ゲームプログラミング実習_2020_2 これは…\git\aaa\3d就活ゲーム制作\gameprogramming\cscenerace.cpp(478): warning C4996: 'sprintf': This function or variable may be unsafe. Consider using sprintf_s instead. To disable deprecation, use _CRT_SECURE_NO_WARNINGS. See online help for details.
          c:\program files (x86)\microsoft visual studio 12.0\vc\include\stdio.h(356) : 'sprintf' の宣言を確認してください。
c:\users\fujiitomoya\desktop\ゲームプログラミング実習_2020_2 これは…\git\aaa\3d就活ゲーム制作\gameprogramming\cscenerace.cpp(496): warning C4996: 'sprintf': This function or variable may be unsafe. Consider using sprintf_s instead. To disable deprecation, use _CRT_SECURE_NO_WARNINGS. See online help for details.
          c:\program files (x86)\microsoft visual studio 12.0\vc\include\stdio.h(356) : 'sprintf' の宣言を確認してください。
c:\users\fujiitomoya\desktop\ゲームプログラミング実習_2020_2 これは…\git\aaa\3d就活ゲーム制作\gameprogramming\cscenerace.cpp(499): warning C4996: 'sprintf': This function or variable may be unsafe. Consider using sprintf_s instead. To disable deprecation, use _CRT_SECURE_NO_WARNINGS. See online help for details.
          c:\program files (x86)\microsoft visual studio 12.0\vc\include\stdio.h(356) : 'sprintf' の宣言を確認してください。
c:\users\fujiitomoya\desktop\ゲームプログラミング実習_2020_2 これは…\git\aaa\3d就活ゲーム制作\gameprogramming\cscenerace.cpp(502): warning C4996: 'sprintf': This function or variable may be unsafe. Consider using sprintf_s instead. To disable deprecation, use _CRT_SECURE_NO_WARNINGS. See online help for details.
          c:\program files (x86)\microsoft visual studio 12.0\vc\include\stdio.h(356) : 'sprintf' の宣言を確認してください。
c:\users\fujiitomoya\desktop\ゲームプログラミング実習_2020_2 これは…\git\aaa\3d就活ゲーム制作\gameprogramming\cscenerace.cpp(505): warning C4996: 'sprintf': This function or variable may be unsafe. Consider using sprintf_s instead. To disable deprecation, use _CRT_SECURE_NO_WARNINGS. See online help for details.
          c:\program files (x86)\microsoft visual studio 12.0\vc\include\stdio.h(356) : 'sprintf' の宣言を確認してください。
  GameProgramming.vcxproj -> C:\Users\fujiitomoya\Desktop\ゲームプログラミング実習_2020_2 これは…\Git\AAA\3D就活ゲーム制作\Debug\GameProgramming.exe
