c:\users\fujiitomoya\desktop\ゲームプログラミング実習_2020_2 これは…\git\aaa\3d就活ゲーム制作\gameprogramming\debug\vc120.pdb
c:\users\fujiitomoya\desktop\ゲームプログラミング実習_2020_2 これは…\git\aaa\3d就活ゲーム制作\gameprogramming\debug\vc120.idb
c:\users\fujiitomoya\desktop\ゲームプログラミング実習_2020_2 これは…\git\aaa\3d就活ゲーム制作\gameprogramming\debug\cpoint.obj
c:\users\fujiitomoya\desktop\ゲームプログラミング実習_2020_2 これは…\git\aaa\3d就活ゲーム制作\gameprogramming\debug\cracecource.obj
c:\users\fujiitomoya\desktop\ゲームプログラミング実習_2020_2 これは…\git\aaa\3d就活ゲーム制作\gameprogramming\debug\crigidobj.obj
c:\users\fujiitomoya\desktop\ゲームプログラミング実習_2020_2 これは…\git\aaa\3d就活ゲーム制作\gameprogramming\debug\crock.obj
c:\users\fujiitomoya\desktop\ゲームプログラミング実習_2020_2 これは…\git\aaa\3d就活ゲーム制作\gameprogramming\debug\cscene.obj
c:\users\fujiitomoya\desktop\ゲームプログラミング実習_2020_2 これは…\git\aaa\3d就活ゲーム制作\gameprogramming\debug\cscenegame.obj
c:\users\fujiitomoya\desktop\ゲームプログラミング実習_2020_2 これは…\git\aaa\3d就活ゲーム制作\gameprogramming\debug\cscenegamestage2.obj
c:\users\fujiitomoya\desktop\ゲームプログラミング実習_2020_2 これは…\git\aaa\3d就活ゲーム制作\gameprogramming\debug\citem.obj
c:\users\fujiitomoya\desktop\ゲームプログラミング実習_2020_2 これは…\git\aaa\3d就活ゲーム制作\gameprogramming\debug\csound.obj
c:\users\fujiitomoya\desktop\ゲームプログラミング実習_2020_2 これは…\git\aaa\3d就活ゲーム制作\gameprogramming\debug\ctaskmanager.obj
c:\users\fujiitomoya\desktop\ゲームプログラミング実習_2020_2 これは…\git\aaa\3d就活ゲーム制作\gameprogramming\debug\ctext.obj
c:\users\fujiitomoya\desktop\ゲームプログラミング実習_2020_2 これは…\git\aaa\3d就活ゲーム制作\gameprogramming\debug\ctexture.obj
c:\users\fujiitomoya\desktop\ゲームプログラミング実習_2020_2 これは…\git\aaa\3d就活ゲーム制作\gameprogramming\debug\ctransform.obj
c:\users\fujiitomoya\desktop\ゲームプログラミング実習_2020_2 これは…\git\aaa\3d就活ゲーム制作\gameprogramming\debug\ctriangle.obj
c:\users\fujiitomoya\desktop\ゲームプログラミング実習_2020_2 これは…\git\aaa\3d就活ゲーム制作\gameprogramming\debug\cvector.obj
c:\users\fujiitomoya\desktop\ゲームプログラミング実習_2020_2 これは…\git\aaa\3d就活ゲーム制作\gameprogramming\debug\main.obj
c:\users\fujiitomoya\desktop\ゲームプログラミング実習_2020_2 これは…\git\aaa\3d就活ゲーム制作\gameprogramming\debug\cbillboard.obj
c:\users\fujiitomoya\desktop\ゲームプログラミング実習_2020_2 これは…\git\aaa\3d就活ゲーム制作\gameprogramming\debug\cbullet.obj
c:\users\fujiitomoya\desktop\ゲームプログラミング実習_2020_2 これは…\git\aaa\3d就活ゲーム制作\gameprogramming\debug\ccamera.obj
c:\users\fujiitomoya\desktop\ゲームプログラミング実習_2020_2 これは…\git\aaa\3d就活ゲーム制作\gameprogramming\debug\ccharacter.obj
c:\users\fujiitomoya\desktop\ゲームプログラミング実習_2020_2 これは…\git\aaa\3d就活ゲーム制作\gameprogramming\debug\ccollider.obj
c:\users\fujiitomoya\desktop\ゲームプログラミング実習_2020_2 これは…\git\aaa\3d就活ゲーム制作\gameprogramming\debug\ccollisionmanager.obj
c:\users\fujiitomoya\desktop\ゲームプログラミング実習_2020_2 これは…\git\aaa\3d就活ゲーム制作\gameprogramming\debug\ceffect.obj
c:\users\fujiitomoya\desktop\ゲームプログラミング実習_2020_2 これは…\git\aaa\3d就活ゲーム制作\gameprogramming\debug\ckey.obj
c:\users\fujiitomoya\desktop\ゲームプログラミング実習_2020_2 これは…\git\aaa\3d就活ゲーム制作\gameprogramming\debug\cmaterial.obj
c:\users\fujiitomoya\desktop\ゲームプログラミング実習_2020_2 これは…\git\aaa\3d就活ゲーム制作\gameprogramming\debug\cmatrix.obj
c:\users\fujiitomoya\desktop\ゲームプログラミング実習_2020_2 これは…\git\aaa\3d就活ゲーム制作\gameprogramming\debug\cmodel.obj
c:\users\fujiitomoya\desktop\ゲームプログラミング実習_2020_2 これは…\git\aaa\3d就活ゲーム制作\gameprogramming\debug\cobj.obj
c:\users\fujiitomoya\desktop\ゲームプログラミング実習_2020_2 これは…\git\aaa\3d就活ゲーム制作\gameprogramming\debug\gameprogramming.tlog\cl.command.1.tlog
c:\users\fujiitomoya\desktop\ゲームプログラミング実習_2020_2 これは…\git\aaa\3d就活ゲーム制作\gameprogramming\debug\gameprogramming.tlog\cl.read.1.tlog
c:\users\fujiitomoya\desktop\ゲームプログラミング実習_2020_2 これは…\git\aaa\3d就活ゲーム制作\gameprogramming\debug\gameprogramming.tlog\cl.write.1.tlog
